Connecting to database specified by database.yml


Started GET "/" for 127.0.0.1 at 2012-12-13 17:05:49 -0600
Connecting to database specified by database.yml
Processing by StaticPagesController#home as HTML
  Rendered static_pages/home.html.erb within layouts/application (1.1ms)
Compiled static_pages.css  (104ms)  (pid 2517)
Compiled application.css  (108ms)  (pid 2517)
Compiled jquery.js  (0ms)  (pid 2517)
Compiled jquery_ujs.js  (0ms)  (pid 2517)
Compiled static_pages.js  (297ms)  (pid 2517)
Compiled application.js  (330ms)  (pid 2517)
Completed 200 OK in 484ms (Views: 483.7ms | ActiveRecord: 0.0ms)


Started GET "/assets/application.css?body=1" for 127.0.0.1 at 2012-12-13 17:05:50 -0600
Served asset /application.css - 200 OK (2ms)


Started GET "/assets/static_pages.css?body=1" for 127.0.0.1 at 2012-12-13 17:05:50 -0600
Served asset /static_pages.css - 200 OK (3ms)


Started GET "/assets/jquery_ujs.js?body=1" for 127.0.0.1 at 2012-12-13 17:05:50 -0600
Served asset /jquery_ujs.js - 200 OK (1ms)


Started GET "/assets/static_pages.js?body=1" for 127.0.0.1 at 2012-12-13 17:05:50 -0600
Served asset /static_pages.js - 200 OK (1ms)


Started GET "/assets/jquery.js?body=1" for 127.0.0.1 at 2012-12-13 17:05:50 -0600
Served asset /jquery.js - 200 OK (3ms)


Started GET "/assets/application.js?body=1" for 127.0.0.1 at 2012-12-13 17:05:50 -0600
Served asset /application.js - 200 OK (6ms)
Connecting to database specified by database.yml
Connecting to database specified by database.yml
Connecting to database specified by database.yml
Connecting to database specified by database.yml
Connecting to database specified by database.yml
Connecting to database specified by database.yml
Connecting to database specified by database.yml


Started GET "/" for 127.0.0.1 at 2012-12-13 19:06:53 -0600
Connecting to database specified by database.yml
Processing by StaticPagesController#home as HTML
  Rendered static_pages/home.html.erb within layouts/application (1.3ms)
Completed 200 OK in 24ms (Views: 24.0ms | ActiveRecord: 0.0ms)


Started GET "/assets/application.css?body=1" for 127.0.0.1 at 2012-12-13 19:06:53 -0600
Served asset /application.css - 200 OK (1ms)


Started GET "/assets/static_pages.css?body=1" for 127.0.0.1 at 2012-12-13 19:06:53 -0600
Served asset /static_pages.css - 200 OK (0ms)


Started GET "/assets/static_pages.js?body=1" for 127.0.0.1 at 2012-12-13 19:06:53 -0600
Served asset /static_pages.js - 200 OK (0ms)


Started GET "/assets/application.js?body=1" for 127.0.0.1 at 2012-12-13 19:06:53 -0600
Served asset /application.js - 200 OK (5ms)


Started GET "/assets/rails.png" for 127.0.0.1 at 2012-12-13 19:06:53 -0600
Served asset /rails.png - 200 OK (5ms)


Started GET "/" for 127.0.0.1 at 2012-12-13 19:10:29 -0600
Connecting to database specified by database.yml
Processing by StaticPagesController#home as HTML
  Rendered static_pages/home.html.erb within layouts/application (1.3ms)
Compiled custom.css  (961ms)  (pid 4668)
Compiled application.css  (966ms)  (pid 4668)
Completed 200 OK in 1015ms (Views: 1015.1ms | ActiveRecord: 0.0ms)


Started GET "/assets/custom.css?body=1" for 127.0.0.1 at 2012-12-13 19:10:31 -0600
Served asset /custom.css - 200 OK (8ms)


Started GET "/assets/static_pages.css?body=1" for 127.0.0.1 at 2012-12-13 19:10:31 -0600
Served asset /static_pages.css - 200 OK (1ms)


Started GET "/" for 127.0.0.1 at 2012-12-13 19:23:33 -0600
Connecting to database specified by database.yml
Processing by StaticPagesController#home as HTML
  Rendered static_pages/home.html.erb within layouts/application (1.3ms)
Compiled custom.css  (454ms)  (pid 4902)
Compiled application.css  (0ms)  (pid 4902)
  Rendered layouts/_shim.html.erb (0.4ms)
  Rendered layouts/_header.html.erb (0.7ms)
  Rendered layouts/_footer.html.erb (0.5ms)
Completed 200 OK in 535ms (Views: 535.0ms | ActiveRecord: 0.0ms)


Started GET "/assets/static_pages.css?body=1" for 127.0.0.1 at 2012-12-13 19:23:34 -0600
Served asset /static_pages.css - 200 OK (0ms)


Started GET "/" for 127.0.0.1 at 2012-12-13 19:54:51 -0600
Connecting to database specified by database.yml
Processing by StaticPagesController#home as HTML
  Rendered static_pages/home.html.erb within layouts/application (1.3ms)
Compiled custom.css  (457ms)  (pid 5040)
Compiled application.css  (0ms)  (pid 5040)
  Rendered layouts/_shim.html.erb (0.2ms)
  Rendered layouts/_header.html.erb (0.2ms)
  Rendered layouts/_footer.html.erb (0.2ms)
Completed 200 OK in 515ms (Views: 514.4ms | ActiveRecord: 0.0ms)


Started GET "/assets/static_pages.css?body=1" for 127.0.0.1 at 2012-12-13 19:54:51 -0600
Served asset /static_pages.css - 200 OK (0ms)


Started GET "/" for 127.0.0.1 at 2012-12-13 19:55:47 -0600
Connecting to database specified by database.yml
Processing by StaticPagesController#home as HTML
  Rendered static_pages/home.html.erb within layouts/application (1.3ms)
  Rendered layouts/_shim.html.erb (0.2ms)
  Rendered layouts/_header.html.erb (0.3ms)
  Rendered layouts/_footer.html.erb (0.2ms)
Completed 200 OK in 45ms (Views: 44.6ms | ActiveRecord: 0.0ms)


Started GET "/assets/static_pages.css?body=1" for 127.0.0.1 at 2012-12-13 19:55:47 -0600
Served asset /static_pages.css - 200 OK (0ms)


Started GET "/" for 127.0.0.1 at 2012-12-13 19:58:31 -0600
Connecting to database specified by database.yml
Processing by StaticPagesController#home as HTML
  Rendered static_pages/home.html.erb within layouts/application (1.3ms)
Compiled custom.css  (462ms)  (pid 5108)
Compiled application.css  (0ms)  (pid 5108)
  Rendered layouts/_shim.html.erb (0.2ms)
  Rendered layouts/_header.html.erb (0.3ms)
  Rendered layouts/_footer.html.erb (0.2ms)
Completed 200 OK in 521ms (Views: 520.8ms | ActiveRecord: 0.0ms)


Started GET "/assets/static_pages.css?body=1" for 127.0.0.1 at 2012-12-13 19:58:31 -0600
Served asset /static_pages.css - 200 OK (0ms)


Started GET "/" for 127.0.0.1 at 2012-12-13 19:59:59 -0600
Connecting to database specified by database.yml
Processing by StaticPagesController#home as HTML
  Rendered static_pages/home.html.erb within layouts/application (1.3ms)
  Rendered layouts/_shim.html.erb (0.2ms)
  Rendered layouts/_header.html.erb (0.2ms)
  Rendered layouts/_footer.html.erb (0.2ms)
Completed 200 OK in 44ms (Views: 43.8ms | ActiveRecord: 0.0ms)


Started GET "/assets/application.css?body=1" for 127.0.0.1 at 2012-12-13 19:59:59 -0600
Served asset /application.css - 304 Not Modified (38ms)


Started GET "/assets/static_pages.css?body=1" for 127.0.0.1 at 2012-12-13 19:59:59 -0600
Served asset /static_pages.css - 200 OK (2ms)


Started GET "/assets/custom.css?body=1" for 127.0.0.1 at 2012-12-13 19:59:59 -0600
Served asset /custom.css - 200 OK (24ms)


Started GET "/assets/jquery_ujs.js?body=1" for 127.0.0.1 at 2012-12-13 19:59:59 -0600
Served asset /jquery_ujs.js - 304 Not Modified (2ms)


Started GET "/assets/application.js?body=1" for 127.0.0.1 at 2012-12-13 19:59:59 -0600
Served asset /application.js - 304 Not Modified (5ms)


Started GET "/assets/static_pages.js?body=1" for 127.0.0.1 at 2012-12-13 19:59:59 -0600
Served asset /static_pages.js - 304 Not Modified (0ms)


Started GET "/assets/jquery.js?body=1" for 127.0.0.1 at 2012-12-13 19:59:59 -0600
Served asset /jquery.js - 304 Not Modified (1ms)


Started GET "/assets/rails.png" for 127.0.0.1 at 2012-12-13 19:59:59 -0600
Served asset /rails.png - 304 Not Modified (0ms)


Started GET "/assets/jquery.js?body=1" for 127.0.0.1 at 2012-12-13 19:59:59 -0600
Served asset /jquery.js - 304 Not Modified (0ms)


Started GET "/assets/jquery_ujs.js?body=1" for 127.0.0.1 at 2012-12-13 19:59:59 -0600
Served asset /jquery_ujs.js - 304 Not Modified (0ms)


Started GET "/assets/static_pages.js?body=1" for 127.0.0.1 at 2012-12-13 19:59:59 -0600
Served asset /static_pages.js - 304 Not Modified (0ms)


Started GET "/assets/application.js?body=1" for 127.0.0.1 at 2012-12-13 19:59:59 -0600
Served asset /application.js - 304 Not Modified (1ms)


Started GET "/" for 127.0.0.1 at 2012-12-13 20:00:19 -0600
Processing by StaticPagesController#home as HTML
  Rendered static_pages/home.html.erb within layouts/application (0.3ms)
Compiled custom.css  (435ms)  (pid 5138)
Compiled application.css  (0ms)  (pid 5138)
  Rendered layouts/_shim.html.erb (0.0ms)
  Rendered layouts/_header.html.erb (0.1ms)
  Rendered layouts/_footer.html.erb (0.0ms)
Completed 200 OK in 478ms (Views: 477.7ms | ActiveRecord: 0.0ms)


Started GET "/assets/application.css?body=1" for 127.0.0.1 at 2012-12-13 20:00:19 -0600
Served asset /application.css - 200 OK (37ms)


Started GET "/assets/custom.css?body=1" for 127.0.0.1 at 2012-12-13 20:00:19 -0600
Served asset /custom.css - 200 OK (12ms)


Started GET "/assets/static_pages.js?body=1" for 127.0.0.1 at 2012-12-13 20:00:19 -0600
Served asset /static_pages.js - 200 OK (0ms)


Started GET "/assets/static_pages.css?body=1" for 127.0.0.1 at 2012-12-13 20:00:19 -0600
Served asset /static_pages.css - 200 OK (0ms)


Started GET "/assets/jquery_ujs.js?body=1" for 127.0.0.1 at 2012-12-13 20:00:19 -0600
Served asset /jquery_ujs.js - 200 OK (2ms)


Started GET "/assets/application.js?body=1" for 127.0.0.1 at 2012-12-13 20:00:19 -0600
Served asset /application.js - 200 OK (1ms)


Started GET "/assets/rails.png" for 127.0.0.1 at 2012-12-13 20:00:19 -0600
Served asset /rails.png - 200 OK (0ms)


Started GET "/assets/jquery.js?body=1" for 127.0.0.1 at 2012-12-13 20:00:19 -0600
Served asset /jquery.js - 200 OK (0ms)


Started GET "/assets/rails.png" for 127.0.0.1 at 2012-12-13 20:00:19 -0600
Served asset /rails.png - 200 OK (0ms)


Started GET "/" for 127.0.0.1 at 2012-12-13 20:03:07 -0600
Connecting to database specified by database.yml
Processing by StaticPagesController#home as HTML
  Rendered static_pages/home.html.erb within layouts/application (1.3ms)
Completed 500 Internal Server Error in 53ms

ActionView::Template::Error (Invalid CSS after "  color: ": expected expression (e.g. 1px, bold), was "#$lightGray;"
  (in /home/main/rails/sample_app_lab6/app/assets/stylesheets/custom.css.scss)):
    2: <html>
    3:   <head>
    4:     <title><%= full_title(yield(:title)) %></title>
    5:     <%= stylesheet_link_tag    "application", media: "all" %>
    6:     <%= javascript_include_tag "application" %>
    7:     <%= csrf_meta_tags %>
    8:     <%= render 'layouts/shim' %>    
  app/assets/stylesheets/custom.css.scss:52
  app/views/layouts/application.html.erb:5:in `_app_views_layouts_application_html_erb___3763869161381820629_70107827690420'


  Rendered /home/main/.gem/ruby/1.9.1/gems/actionpack-3.2.9/lib/action_dispatch/middleware/templates/rescues/_trace.erb (0.7ms)
  Rendered /home/main/.gem/ruby/1.9.1/gems/actionpack-3.2.9/lib/action_dispatch/middleware/templates/rescues/_request_and_response.erb (0.5ms)
  Rendered /home/main/.gem/ruby/1.9.1/gems/actionpack-3.2.9/lib/action_dispatch/middleware/templates/rescues/template_error.erb within rescues/layout (4.1ms)


Started GET "/" for 127.0.0.1 at 2012-12-13 20:05:30 -0600
Processing by StaticPagesController#home as HTML
  Rendered static_pages/home.html.erb within layouts/application (0.3ms)
Compiled custom.css  (420ms)  (pid 5195)
Compiled application.css  (0ms)  (pid 5195)
  Rendered layouts/_shim.html.erb (0.2ms)
  Rendered layouts/_header.html.erb (0.2ms)
  Rendered layouts/_footer.html.erb (0.2ms)
Completed 200 OK in 467ms (Views: 466.9ms | ActiveRecord: 0.0ms)


Started GET "/assets/application.css?body=1" for 127.0.0.1 at 2012-12-13 20:05:31 -0600
Served asset /application.css - 200 OK (38ms)


Started GET "/assets/custom.css?body=1" for 127.0.0.1 at 2012-12-13 20:05:31 -0600
Served asset /custom.css - 200 OK (10ms)


Started GET "/assets/static_pages.css?body=1" for 127.0.0.1 at 2012-12-13 20:05:31 -0600
Served asset /static_pages.css - 200 OK (1ms)


Started GET "/assets/static_pages.js?body=1" for 127.0.0.1 at 2012-12-13 20:05:31 -0600
Served asset /static_pages.js - 200 OK (3ms)


Started GET "/assets/jquery_ujs.js?body=1" for 127.0.0.1 at 2012-12-13 20:05:31 -0600
Served asset /jquery_ujs.js - 200 OK (1ms)


Started GET "/assets/application.js?body=1" for 127.0.0.1 at 2012-12-13 20:05:31 -0600
Served asset /application.js - 200 OK (2ms)


Started GET "/assets/rails.png" for 127.0.0.1 at 2012-12-13 20:05:31 -0600
Served asset /rails.png - 200 OK (0ms)


Started GET "/assets/jquery.js?body=1" for 127.0.0.1 at 2012-12-13 20:05:31 -0600
Served asset /jquery.js - 200 OK (1ms)


Started GET "/assets/rails.png" for 127.0.0.1 at 2012-12-13 20:05:31 -0600
Served asset /rails.png - 200 OK (0ms)


Started GET "/" for 127.0.0.1 at 2012-12-13 20:06:18 -0600
Connecting to database specified by database.yml
Processing by StaticPagesController#home as HTML
  Rendered static_pages/home.html.erb within layouts/application (1.3ms)
Compiled custom.css  (466ms)  (pid 5208)
Compiled application.css  (0ms)  (pid 5208)
  Rendered layouts/_shim.html.erb (0.2ms)
  Rendered layouts/_header.html.erb (0.3ms)
  Rendered layouts/_footer.html.erb (0.2ms)
Completed 200 OK in 526ms (Views: 526.1ms | ActiveRecord: 0.0ms)


Started GET "/assets/application.css?body=1" for 127.0.0.1 at 2012-12-13 20:06:19 -0600
Served asset /application.css - 200 OK (33ms)


Started GET "/assets/static_pages.css?body=1" for 127.0.0.1 at 2012-12-13 20:06:19 -0600
Served asset /static_pages.css - 200 OK (1ms)


Started GET "/assets/custom.css?body=1" for 127.0.0.1 at 2012-12-13 20:06:19 -0600
Served asset /custom.css - 200 OK (10ms)


Started GET "/assets/jquery_ujs.js?body=1" for 127.0.0.1 at 2012-12-13 20:06:19 -0600
Served asset /jquery_ujs.js - 200 OK (4ms)


Started GET "/assets/static_pages.js?body=1" for 127.0.0.1 at 2012-12-13 20:06:19 -0600
Served asset /static_pages.js - 200 OK (0ms)


Started GET "/assets/application.js?body=1" for 127.0.0.1 at 2012-12-13 20:06:19 -0600
Served asset /application.js - 200 OK (2ms)


Started GET "/assets/rails.png" for 127.0.0.1 at 2012-12-13 20:06:19 -0600
Served asset /rails.png - 200 OK (0ms)


Started GET "/assets/rails.png" for 127.0.0.1 at 2012-12-13 20:06:19 -0600
Served asset /rails.png - 200 OK (0ms)


Started GET "/assets/jquery.js?body=1" for 127.0.0.1 at 2012-12-13 20:06:19 -0600
Served asset /jquery.js - 200 OK (14ms)
Connecting to database specified by database.yml
Connecting to database specified by database.yml
Connecting to database specified by database.yml
  [1m[36m (0.1ms)[0m  [1mselect sqlite_version(*)[0m
  [1m[35m (133.2ms)[0m  CREATE TABLE "schema_migrations" ("version" varchar(255) NOT NULL) 
  [1m[36m (141.0ms)[0m  [1mCREATE UNIQUE INDEX "unique_schema_migrations" ON "schema_migrations" ("version")[0m
  [1m[35m (1.6ms)[0m  SELECT "schema_migrations"."version" FROM "schema_migrations" 
Migrating to CreateUsers (20121214025911)
  [1m[36m (0.1ms)[0m  [1mbegin transaction[0m
  [1m[35m (0.4ms)[0m  CREATE TABLE "users" ("id" INTEGER PRIMARY KEY AUTOINCREMENT NOT NULL, "name" varchar(255), "email" varchar(255), "created_at" datetime NOT NULL, "updated_at" datetime NOT NULL) 
  [1m[36m (0.1ms)[0m  [1mINSERT INTO "schema_migrations" ("version") VALUES ('20121214025911')[0m
  [1m[35m (118.7ms)[0m  commit transaction
  [1m[36m (0.0ms)[0m  [1mSELECT "schema_migrations"."version" FROM "schema_migrations" [0m
Connecting to database specified by database.yml
Connecting to database specified by database.yml
  [1m[36m (0.6ms)[0m  [1mSELECT "schema_migrations"."version" FROM "schema_migrations" [0m
  [1m[35m (0.1ms)[0m  select sqlite_version(*)
  [1m[36m (129.5ms)[0m  [1mCREATE TABLE "users" ("id" INTEGER PRIMARY KEY AUTOINCREMENT NOT NULL, "name" varchar(255), "email" varchar(255), "created_at" datetime NOT NULL, "updated_at" datetime NOT NULL) [0m
  [1m[35m (124.0ms)[0m  CREATE TABLE "schema_migrations" ("version" varchar(255) NOT NULL) 
  [1m[36m (116.1ms)[0m  [1mCREATE UNIQUE INDEX "unique_schema_migrations" ON "schema_migrations" ("version")[0m
  [1m[35m (0.1ms)[0m  SELECT version FROM "schema_migrations"
  [1m[36m (123.8ms)[0m  [1mINSERT INTO "schema_migrations" (version) VALUES ('20121214025911')[0m
Connecting to database specified by database.yml
Connecting to database specified by database.yml
  [1m[36m (0.6ms)[0m  [1mSELECT "schema_migrations"."version" FROM "schema_migrations" [0m
Migrating to CreateUsers (20121214025911)
Migrating to AddIndexToUsersEmail (20121214031924)
  [1m[35m (0.0ms)[0m  select sqlite_version(*)
  [1m[36m (0.0ms)[0m  [1mbegin transaction[0m
  [1m[35m (0.2ms)[0m  INSERT INTO "schema_migrations" ("version") VALUES ('20121214031924')
  [1m[36m (117.2ms)[0m  [1mcommit transaction[0m
  [1m[35m (0.0ms)[0m  SELECT "schema_migrations"."version" FROM "schema_migrations" 
Connecting to database specified by database.yml
  [1m[36m (0.6ms)[0m  [1mSELECT "schema_migrations"."version" FROM "schema_migrations" [0m
Migrating to CreateUsers (20121214025911)
Migrating to AddIndexToUsersEmail (20121214031924)
  [1m[35m (0.1ms)[0m  select sqlite_version(*)
  [1m[36m (0.0ms)[0m  [1mSELECT "schema_migrations"."version" FROM "schema_migrations" [0m
Connecting to database specified by database.yml
Connecting to database specified by database.yml
  [1m[36m (0.6ms)[0m  [1mSELECT "schema_migrations"."version" FROM "schema_migrations" [0m
Migrating to CreateUsers (20121214025911)
Migrating to AddIndexToUsersEmail (20121214031924)
Migrating to AddPasswordDigestToUsers (20121214032227)
  [1m[35m (0.0ms)[0m  select sqlite_version(*)
  [1m[36m (0.0ms)[0m  [1mbegin transaction[0m
  [1m[35m (0.2ms)[0m  ALTER TABLE "users" ADD "password_digest" varchar(255)
  [1m[36m (0.0ms)[0m  [1mINSERT INTO "schema_migrations" ("version") VALUES ('20121214032227')[0m
  [1m[35m (118.8ms)[0m  commit transaction
  [1m[36m (0.0ms)[0m  [1mSELECT "schema_migrations"."version" FROM "schema_migrations" [0m
Connecting to database specified by database.yml
  [1m[36m (0.6ms)[0m  [1mSELECT "schema_migrations"."version" FROM "schema_migrations" [0m
  [1m[35m (0.1ms)[0m  select sqlite_version(*)
  [1m[36m (120.6ms)[0m  [1mCREATE TABLE "users" ("id" INTEGER PRIMARY KEY AUTOINCREMENT NOT NULL, "name" varchar(255), "email" varchar(255), "created_at" datetime NOT NULL, "updated_at" datetime NOT NULL, "password_digest" varchar(255)) [0m
  [1m[35m (115.9ms)[0m  CREATE TABLE "schema_migrations" ("version" varchar(255) NOT NULL) 
  [1m[36m (124.5ms)[0m  [1mCREATE UNIQUE INDEX "unique_schema_migrations" ON "schema_migrations" ("version")[0m
  [1m[35m (0.1ms)[0m  SELECT version FROM "schema_migrations"
  [1m[36m (142.0ms)[0m  [1mINSERT INTO "schema_migrations" (version) VALUES ('20121214032227')[0m
  [1m[35m (141.3ms)[0m  INSERT INTO "schema_migrations" (version) VALUES ('20121214025911')
  [1m[36m (141.1ms)[0m  [1mINSERT INTO "schema_migrations" (version) VALUES ('20121214031924')[0m


Started GET "/" for 127.0.0.1 at 2012-12-13 21:47:04 -0600
Connecting to database specified by database.yml
Processing by StaticPagesController#home as HTML
  Rendered static_pages/home.html.erb within layouts/application (1.6ms)
Compiled custom.css  (447ms)  (pid 6949)
Compiled users.css  (0ms)  (pid 6949)
Compiled application.css  (4ms)  (pid 6949)
Compiled users.js  (50ms)  (pid 6949)
Compiled application.js  (58ms)  (pid 6949)
  Rendered layouts/_shim.html.erb (0.2ms)
  Rendered layouts/_header.html.erb (0.6ms)
  Rendered layouts/_footer.html.erb (0.4ms)
Completed 200 OK in 603ms (Views: 602.5ms | ActiveRecord: 0.0ms)


Started GET "/assets/static_pages.css?body=1" for 127.0.0.1 at 2012-12-13 21:47:05 -0600
Served asset /static_pages.css - 200 OK (1ms)


Started GET "/assets/users.css?body=1" for 127.0.0.1 at 2012-12-13 21:47:05 -0600
Served asset /users.css - 200 OK (0ms)


Started GET "/assets/users.js?body=1" for 127.0.0.1 at 2012-12-13 21:47:05 -0600
Served asset /users.js - 200 OK (0ms)
Connecting to database specified by database.yml


Started GET "/users/1" for 127.0.0.1 at 2012-12-13 21:54:14 -0600
Connecting to database specified by database.yml
Processing by UsersController#show as HTML
  Parameters: {"id"=>"1"}
  [1m[36mUser Load (0.1ms)[0m  [1mSELECT "users".* FROM "users" WHERE "users"."id" = ? LIMIT 1[0m  [["id", "1"]]
  Rendered users/show.html.erb within layouts/application (1.2ms)
Compiled custom.css  (446ms)  (pid 7042)
Compiled application.css  (0ms)  (pid 7042)
  Rendered layouts/_shim.html.erb (0.2ms)
  Rendered layouts/_header.html.erb (0.6ms)
  Rendered layouts/_footer.html.erb (16.3ms)
Completed 200 OK in 538ms (Views: 505.2ms | ActiveRecord: 11.1ms)


Started GET "/assets/static_pages.css?body=1" for 127.0.0.1 at 2012-12-13 21:54:15 -0600
Served asset /static_pages.css - 200 OK (0ms)


Started GET "/assets/users.css?body=1" for 127.0.0.1 at 2012-12-13 21:54:15 -0600
Served asset /users.css - 200 OK (0ms)


Started GET "/users/1" for 127.0.0.1 at 2012-12-13 22:03:34 -0600
Connecting to database specified by database.yml
Processing by UsersController#show as HTML
  Parameters: {"id"=>"1"}
  [1m[36mUser Load (0.1ms)[0m  [1mSELECT "users".* FROM "users" WHERE "users"."id" = ? LIMIT 1[0m  [["id", "1"]]
  Rendered users/show.html.erb within layouts/application (11.8ms)
  Rendered layouts/_shim.html.erb (0.2ms)
  Rendered layouts/_header.html.erb (0.6ms)
  Rendered layouts/_footer.html.erb (0.4ms)
Completed 200 OK in 93ms (Views: 59.5ms | ActiveRecord: 1.0ms)


Started GET "/assets/application.css?body=1" for 127.0.0.1 at 2012-12-13 22:03:34 -0600
Served asset /application.css - 304 Not Modified (21ms)


Started GET "/assets/custom.css?body=1" for 127.0.0.1 at 2012-12-13 22:03:34 -0600
Served asset /custom.css - 200 OK (5ms)


Started GET "/assets/users.css?body=1" for 127.0.0.1 at 2012-12-13 22:03:34 -0600
Served asset /users.css - 200 OK (1ms)


Started GET "/assets/static_pages.css?body=1" for 127.0.0.1 at 2012-12-13 22:03:34 -0600
Served asset /static_pages.css - 200 OK (0ms)


Started GET "/assets/jquery_ujs.js?body=1" for 127.0.0.1 at 2012-12-13 22:03:34 -0600
Served asset /jquery_ujs.js - 304 Not Modified (0ms)


Started GET "/assets/static_pages.js?body=1" for 127.0.0.1 at 2012-12-13 22:03:34 -0600
Served asset /static_pages.js - 304 Not Modified (0ms)


Started GET "/assets/users.js?body=1" for 127.0.0.1 at 2012-12-13 22:03:34 -0600
Served asset /users.js - 304 Not Modified (0ms)


Started GET "/assets/application.js?body=1" for 127.0.0.1 at 2012-12-13 22:03:34 -0600
Served asset /application.js - 304 Not Modified (5ms)


Started GET "/assets/jquery.js?body=1" for 127.0.0.1 at 2012-12-13 22:03:34 -0600
Served asset /jquery.js - 304 Not Modified (1ms)


Started GET "/assets/jquery.js?body=1" for 127.0.0.1 at 2012-12-13 22:03:34 -0600
Served asset /jquery.js - 304 Not Modified (1ms)


Started GET "/assets/jquery_ujs.js?body=1" for 127.0.0.1 at 2012-12-13 22:03:34 -0600
Served asset /jquery_ujs.js - 304 Not Modified (0ms)


Started GET "/assets/static_pages.js?body=1" for 127.0.0.1 at 2012-12-13 22:03:35 -0600
Served asset /static_pages.js - 304 Not Modified (0ms)


Started GET "/assets/users.js?body=1" for 127.0.0.1 at 2012-12-13 22:03:35 -0600
Served asset /users.js - 304 Not Modified (0ms)


Started GET "/assets/application.js?body=1" for 127.0.0.1 at 2012-12-13 22:03:35 -0600
Served asset /application.js - 304 Not Modified (1ms)
Connecting to database specified by database.yml
  [1m[36m (1.0ms)[0m  [1mselect sqlite_version(*)[0m
  [1m[35m (127.1ms)[0m  CREATE TABLE "users" ("id" INTEGER PRIMARY KEY AUTOINCREMENT NOT NULL, "name" varchar(255), "email" varchar(255), "created_at" datetime NOT NULL, "updated_at" datetime NOT NULL, "password_digest" varchar(255)) 
  [1m[36m (142.3ms)[0m  [1mCREATE TABLE "schema_migrations" ("version" varchar(255) NOT NULL) [0m
  [1m[35m (140.8ms)[0m  CREATE UNIQUE INDEX "unique_schema_migrations" ON "schema_migrations" ("version")
  [1m[36m (0.0ms)[0m  [1mSELECT version FROM "schema_migrations"[0m
  [1m[35m (140.8ms)[0m  INSERT INTO "schema_migrations" (version) VALUES ('20121214032227')
  [1m[36m (141.1ms)[0m  [1mINSERT INTO "schema_migrations" (version) VALUES ('20121214025911')[0m
  [1m[35m (124.5ms)[0m  INSERT INTO "schema_migrations" (version) VALUES ('20121214031924')
  [1m[36m (0.8ms)[0m  [1mSELECT "schema_migrations"."version" FROM "schema_migrations" [0m
Connecting to database specified by database.yml
  [1m[36m (0.7ms)[0m  [1mSELECT "schema_migrations"."version" FROM "schema_migrations" [0m
  [1m[35m (0.1ms)[0m  select sqlite_version(*)
  [1m[36m (114.4ms)[0m  [1mCREATE TABLE "users" ("id" INTEGER PRIMARY KEY AUTOINCREMENT NOT NULL, "name" varchar(255), "email" varchar(255), "created_at" datetime NOT NULL, "updated_at" datetime NOT NULL, "password_digest" varchar(255)) [0m
  [1m[35m (115.7ms)[0m  CREATE TABLE "schema_migrations" ("version" varchar(255) NOT NULL) 
  [1m[36m (107.8ms)[0m  [1mCREATE UNIQUE INDEX "unique_schema_migrations" ON "schema_migrations" ("version")[0m
  [1m[35m (0.1ms)[0m  SELECT version FROM "schema_migrations"
  [1m[36m (115.5ms)[0m  [1mINSERT INTO "schema_migrations" (version) VALUES ('20121214032227')[0m
  [1m[35m (108.1ms)[0m  INSERT INTO "schema_migrations" (version) VALUES ('20121214025911')
  [1m[36m (107.9ms)[0m  [1mINSERT INTO "schema_migrations" (version) VALUES ('20121214031924')[0m


Started GET "/signup" for 127.0.0.1 at 2012-12-13 22:14:57 -0600
Connecting to database specified by database.yml
Processing by UsersController#new as HTML
  Rendered users/new.html.erb within layouts/application (15.1ms)
Compiled custom.css  (439ms)  (pid 7411)
Compiled application.css  (0ms)  (pid 7411)
  Rendered layouts/_shim.html.erb (0.2ms)
  Rendered layouts/_header.html.erb (0.5ms)
  Rendered layouts/_footer.html.erb (0.4ms)
Completed 200 OK in 549ms (Views: 515.6ms | ActiveRecord: 0.9ms)


Started GET "/assets/application.css?body=1" for 127.0.0.1 at 2012-12-13 22:14:58 -0600
Served asset /application.css - 304 Not Modified (27ms)


Started GET "/assets/jquery_ujs.js?body=1" for 127.0.0.1 at 2012-12-13 22:14:58 -0600
Served asset /jquery_ujs.js - 304 Not Modified (1ms)


Started GET "/assets/static_pages.css?body=1" for 127.0.0.1 at 2012-12-13 22:14:58 -0600
Served asset /static_pages.css - 200 OK (1ms)


Started GET "/assets/users.css?body=1" for 127.0.0.1 at 2012-12-13 22:14:58 -0600
Served asset /users.css - 200 OK (0ms)


Started GET "/assets/static_pages.js?body=1" for 127.0.0.1 at 2012-12-13 22:14:58 -0600
Served asset /static_pages.js - 304 Not Modified (1ms)


Started GET "/assets/users.js?body=1" for 127.0.0.1 at 2012-12-13 22:14:58 -0600
Served asset /users.js - 304 Not Modified (1ms)


Started GET "/assets/application.js?body=1" for 127.0.0.1 at 2012-12-13 22:14:58 -0600
Served asset /application.js - 304 Not Modified (6ms)


Started GET "/assets/jquery.js?body=1" for 127.0.0.1 at 2012-12-13 22:14:58 -0600
Served asset /jquery.js - 304 Not Modified (3ms)


Started GET "/assets/jquery_ujs.js?body=1" for 127.0.0.1 at 2012-12-13 22:14:58 -0600
Served asset /jquery_ujs.js - 304 Not Modified (0ms)


Started GET "/assets/static_pages.js?body=1" for 127.0.0.1 at 2012-12-13 22:14:58 -0600
Served asset /static_pages.js - 304 Not Modified (0ms)


Started GET "/assets/users.js?body=1" for 127.0.0.1 at 2012-12-13 22:14:58 -0600
Served asset /users.js - 304 Not Modified (0ms)


Started GET "/assets/application.js?body=1" for 127.0.0.1 at 2012-12-13 22:14:58 -0600
Served asset /application.js - 304 Not Modified (1ms)


Started GET "/signup" for 127.0.0.1 at 2012-12-13 22:24:25 -0600
Connecting to database specified by database.yml
Processing by UsersController#new as HTML
  Rendered shared/_error_messages.html.erb (0.3ms)
  Rendered users/new.html.erb within layouts/application (17.5ms)
Compiled custom.css  (559ms)  (pid 7537)
Compiled application.css  (0ms)  (pid 7537)
  Rendered layouts/_shim.html.erb (0.2ms)
  Rendered layouts/_header.html.erb (0.5ms)
  Rendered layouts/_footer.html.erb (0.4ms)
Completed 200 OK in 671ms (Views: 637.7ms | ActiveRecord: 1.0ms)


Started GET "/assets/application.css?body=1" for 127.0.0.1 at 2012-12-13 22:24:26 -0600
Served asset /application.css - 200 OK (35ms)


Started GET "/assets/custom.css?body=1" for 127.0.0.1 at 2012-12-13 22:24:26 -0600
Served asset /custom.css - 200 OK (5ms)


Started GET "/assets/static_pages.css?body=1" for 127.0.0.1 at 2012-12-13 22:24:26 -0600
Served asset /static_pages.css - 200 OK (1ms)


Started GET "/assets/jquery_ujs.js?body=1" for 127.0.0.1 at 2012-12-13 22:24:26 -0600
Served asset /jquery_ujs.js - 200 OK (2ms)


Started GET "/assets/users.css?body=1" for 127.0.0.1 at 2012-12-13 22:24:26 -0600
Served asset /users.css - 200 OK (0ms)


Started GET "/assets/static_pages.js?body=1" for 127.0.0.1 at 2012-12-13 22:24:26 -0600
Served asset /static_pages.js - 200 OK (0ms)


Started GET "/assets/users.js?body=1" for 127.0.0.1 at 2012-12-13 22:24:26 -0600
Served asset /users.js - 200 OK (0ms)


Started GET "/assets/application.js?body=1" for 127.0.0.1 at 2012-12-13 22:24:26 -0600
Served asset /application.js - 200 OK (4ms)


Started GET "/assets/jquery.js?body=1" for 127.0.0.1 at 2012-12-13 22:24:26 -0600
Served asset /jquery.js - 200 OK (2ms)


Started GET "/assets/users.js?body=1" for 127.0.0.1 at 2012-12-13 22:24:26 -0600
Served asset /users.js - 200 OK (0ms)


Started POST "/users" for 127.0.0.1 at 2012-12-13 22:24:27 -0600
Processing by UsersController#create as HTML
  Parameters: {"utf8"=>"✓", "authenticity_token"=>"6VYJeuP49OYkxhpHS8L65Cc4wuqCuNJc94Xa4hrbaCw=", "user"=>{"name"=>"", "email"=>"", "password"=>"[FILTERED]", "password_confirmation"=>"[FILTERED]"}, "commit"=>"Create my account"}
  [1m[36m (0.0ms)[0m  [1mbegin transaction[0m
  [1m[35mUser Exists (0.1ms)[0m  SELECT 1 AS one FROM "users" WHERE LOWER("users"."email") = LOWER('') LIMIT 1
  [1m[36m (0.0ms)[0m  [1mrollback transaction[0m
  Rendered shared/_error_messages.html.erb (2.2ms)
  Rendered users/new.html.erb within layouts/application (3.6ms)
  Rendered layouts/_shim.html.erb (0.0ms)
  Rendered layouts/_header.html.erb (0.2ms)
  Rendered layouts/_footer.html.erb (0.1ms)
Completed 200 OK in 34ms (Views: 10.2ms | ActiveRecord: 0.2ms)


Started GET "/assets/static_pages.css?body=1" for 127.0.0.1 at 2012-12-13 22:24:27 -0600
Served asset /static_pages.css - 200 OK (0ms)


Started GET "/assets/users.css?body=1" for 127.0.0.1 at 2012-12-13 22:24:27 -0600
Served asset /users.css - 200 OK (0ms)


Started GET "/" for 127.0.0.1 at 2012-12-13 22:34:35 -0600
Connecting to database specified by database.yml
Processing by StaticPagesController#home as HTML
  Rendered static_pages/home.html.erb within layouts/application (1.7ms)
  Rendered layouts/_shim.html.erb (0.2ms)
  Rendered layouts/_header.html.erb (0.6ms)
  Rendered layouts/_footer.html.erb (0.4ms)
Completed 200 OK in 59ms (Views: 58.4ms | ActiveRecord: 0.0ms)


Started GET "/assets/static_pages.css?body=1" for 127.0.0.1 at 2012-12-13 22:34:35 -0600
Served asset /static_pages.css - 200 OK (2ms)


Started GET "/assets/users.css?body=1" for 127.0.0.1 at 2012-12-13 22:34:35 -0600
Served asset /users.css - 200 OK (0ms)


Started GET "/assets/rails.png" for 127.0.0.1 at 2012-12-13 22:34:35 -0600
Served asset /rails.png - 200 OK (0ms)


Started GET "/users/1" for 127.0.0.1 at 2012-12-13 22:34:39 -0600
Processing by UsersController#show as HTML
  Parameters: {"id"=>"1"}
  [1m[36mUser Load (0.1ms)[0m  [1mSELECT "users".* FROM "users" WHERE "users"."id" = ? LIMIT 1[0m  [["id", "1"]]
Completed 404 Not Found in 33ms

ActiveRecord::RecordNotFound (Couldn't find User with id=1):
  app/controllers/users_controller.rb:8:in `show'


  Rendered /home/main/.gem/ruby/1.9.1/gems/actionpack-3.2.9/lib/action_dispatch/middleware/templates/rescues/_trace.erb (1.6ms)
  Rendered /home/main/.gem/ruby/1.9.1/gems/actionpack-3.2.9/lib/action_dispatch/middleware/templates/rescues/_request_and_response.erb (0.7ms)
  Rendered /home/main/.gem/ruby/1.9.1/gems/actionpack-3.2.9/lib/action_dispatch/middleware/templates/rescues/diagnostics.erb within rescues/layout (7.0ms)


Started GET "/signup" for 127.0.0.1 at 2012-12-13 22:34:46 -0600
Processing by UsersController#new as HTML
  Rendered shared/_error_messages.html.erb (0.4ms)
  Rendered users/new.html.erb within layouts/application (7.2ms)
  Rendered layouts/_shim.html.erb (0.0ms)
  Rendered layouts/_header.html.erb (0.3ms)
  Rendered layouts/_footer.html.erb (0.1ms)
Completed 200 OK in 21ms (Views: 16.0ms | ActiveRecord: 0.0ms)


Started GET "/assets/static_pages.css?body=1" for 127.0.0.1 at 2012-12-13 22:34:46 -0600
Served asset /static_pages.css - 200 OK (0ms)


Started GET "/assets/users.css?body=1" for 127.0.0.1 at 2012-12-13 22:34:46 -0600
Served asset /users.css - 200 OK (0ms)


Started POST "/users" for 127.0.0.1 at 2012-12-13 22:35:03 -0600
Processing by UsersController#create as HTML
  Parameters: {"utf8"=>"✓", "authenticity_token"=>"6VYJeuP49OYkxhpHS8L65Cc4wuqCuNJc94Xa4hrbaCw=", "user"=>{"name"=>"Gman", "email"=>"whose@yourdaddy.com", "password"=>"[FILTERED]", "password_confirmation"=>"[FILTERED]"}, "commit"=>"Create my account"}
  [1m[35m (0.0ms)[0m  begin transaction
  [1m[36mUser Exists (0.1ms)[0m  [1mSELECT 1 AS one FROM "users" WHERE LOWER("users"."email") = LOWER('whose@yourdaddy.com') LIMIT 1[0m
Binary data inserted for `string` type on column `password_digest`
  [1m[35mSQL (0.6ms)[0m  INSERT INTO "users" ("created_at", "email", "name", "password_digest", "updated_at") VALUES (?, ?, ?, ?, ?)  [["created_at", Fri, 14 Dec 2012 04:35:03 UTC +00:00], ["email", "whose@yourdaddy.com"], ["name", "Gman"], ["password_digest", "$2a$10$US9d8QZdxDIDkqc.tEU4ROIzdTXmlOedlOLu8hrVNpUzVLqwBOysK"], ["updated_at", Fri, 14 Dec 2012 04:35:03 UTC +00:00]]
  [1m[36m (134.2ms)[0m  [1mcommit transaction[0m
Redirected to http://localhost:3000/users/1
Completed 302 Found in 203ms (ActiveRecord: 135.0ms)


Started GET "/users/1" for 127.0.0.1 at 2012-12-13 22:35:03 -0600
Processing by UsersController#show as HTML
  Parameters: {"id"=>"1"}
  [1m[35mUser Load (0.1ms)[0m  SELECT "users".* FROM "users" WHERE "users"."id" = ? LIMIT 1  [["id", "1"]]
  Rendered users/show.html.erb within layouts/application (16.9ms)
Completed 500 Internal Server Error in 19ms

ActionView::Template::Error (undefined local variable or method `user' for #<#<Class:0x007f04109c0980>:0x007f04105ea338>):
    3:   <aside class="span4">
    4:     <section>
    5:       <h1>
    6:         <%= gravatar_for user, size: 40 %>
    7:         <%= user.name %>
    8:       </h1>
    9:     </section>
  app/views/users/show.html.erb:6:in `_app_views_users_show_html_erb__1929161684151300861_69827715243620'


  Rendered /home/main/.gem/ruby/1.9.1/gems/actionpack-3.2.9/lib/action_dispatch/middleware/templates/rescues/_trace.erb (0.6ms)
  Rendered /home/main/.gem/ruby/1.9.1/gems/actionpack-3.2.9/lib/action_dispatch/middleware/templates/rescues/_request_and_response.erb (0.5ms)
  Rendered /home/main/.gem/ruby/1.9.1/gems/actionpack-3.2.9/lib/action_dispatch/middleware/templates/rescues/template_error.erb within rescues/layout (3.5ms)


Started GET "/users/1" for 127.0.0.1 at 2012-12-13 22:36:51 -0600
Processing by UsersController#show as HTML
  Parameters: {"id"=>"1"}
  [1m[36mUser Load (0.1ms)[0m  [1mSELECT "users".* FROM "users" WHERE "users"."id" = ? LIMIT 1[0m  [["id", "1"]]
  Rendered users/show.html.erb within layouts/application (2.4ms)
Completed 500 Internal Server Error in 7ms

ActionView::Template::Error (undefined local variable or method `user' for #<#<Class:0x007f0410c5f920>:0x007f0410c6cd78>):
    3:   <aside class="span4">
    4:     <section>
    5:       <h1>
    6:         <%= gravatar_for user, size: 40 %>
    7:         <%= user.name %>
    8:       </h1>
    9:     </section>
  app/views/users/show.html.erb:6:in `_app_views_users_show_html_erb__1929161684151300861_69827715243620'


  Rendered /home/main/.gem/ruby/1.9.1/gems/actionpack-3.2.9/lib/action_dispatch/middleware/templates/rescues/_trace.erb (0.6ms)
  Rendered /home/main/.gem/ruby/1.9.1/gems/actionpack-3.2.9/lib/action_dispatch/middleware/templates/rescues/_request_and_response.erb (0.5ms)
  Rendered /home/main/.gem/ruby/1.9.1/gems/actionpack-3.2.9/lib/action_dispatch/middleware/templates/rescues/template_error.erb within rescues/layout (3.4ms)


Started GET "/users/1" for 127.0.0.1 at 2012-12-13 22:36:53 -0600
Processing by UsersController#show as HTML
  Parameters: {"id"=>"1"}
  [1m[35mUser Load (0.1ms)[0m  SELECT "users".* FROM "users" WHERE "users"."id" = ? LIMIT 1  [["id", "1"]]
  Rendered users/show.html.erb within layouts/application (20.7ms)
Completed 500 Internal Server Error in 24ms

ActionView::Template::Error (undefined local variable or method `user' for #<#<Class:0x007f0410c5f920>:0x007f04106e7d80>):
    3:   <aside class="span4">
    4:     <section>
    5:       <h1>
    6:         <%= gravatar_for user, size: 40 %>
    7:         <%= user.name %>
    8:       </h1>
    9:     </section>
  app/views/users/show.html.erb:6:in `_app_views_users_show_html_erb__1929161684151300861_69827715243620'


  Rendered /home/main/.gem/ruby/1.9.1/gems/actionpack-3.2.9/lib/action_dispatch/middleware/templates/rescues/_trace.erb (0.6ms)
  Rendered /home/main/.gem/ruby/1.9.1/gems/actionpack-3.2.9/lib/action_dispatch/middleware/templates/rescues/_request_and_response.erb (0.5ms)
  Rendered /home/main/.gem/ruby/1.9.1/gems/actionpack-3.2.9/lib/action_dispatch/middleware/templates/rescues/template_error.erb within rescues/layout (3.6ms)


Started GET "/users/1" for 127.0.0.1 at 2012-12-13 22:38:07 -0600
Processing by UsersController#show as HTML
  Parameters: {"id"=>"1"}
  [1m[36mUser Load (0.1ms)[0m  [1mSELECT "users".* FROM "users" WHERE "users"."id" = ? LIMIT 1[0m  [["id", "1"]]
  Rendered users/show.html.erb within layouts/application (0.8ms)
  Rendered layouts/_shim.html.erb (0.0ms)
  Rendered layouts/_header.html.erb (0.3ms)
  Rendered layouts/_footer.html.erb (0.2ms)
Completed 200 OK in 12ms (Views: 10.7ms | ActiveRecord: 0.1ms)


Started GET "/assets/application.css?body=1" for 127.0.0.1 at 2012-12-13 22:38:07 -0600
Served asset /application.css - 304 Not Modified (33ms)


Started GET "/assets/static_pages.css?body=1" for 127.0.0.1 at 2012-12-13 22:38:08 -0600
Served asset /static_pages.css - 200 OK (0ms)


Started GET "/assets/custom.css?body=1" for 127.0.0.1 at 2012-12-13 22:38:08 -0600
Served asset /custom.css - 304 Not Modified (8ms)


Started GET "/assets/users.css?body=1" for 127.0.0.1 at 2012-12-13 22:38:08 -0600
Served asset /users.css - 200 OK (0ms)


Started GET "/assets/jquery_ujs.js?body=1" for 127.0.0.1 at 2012-12-13 22:38:08 -0600
Served asset /jquery_ujs.js - 304 Not Modified (2ms)


Started GET "/assets/static_pages.js?body=1" for 127.0.0.1 at 2012-12-13 22:38:08 -0600
Served asset /static_pages.js - 304 Not Modified (0ms)


Started GET "/assets/users.js?body=1" for 127.0.0.1 at 2012-12-13 22:38:08 -0600
Served asset /users.js - 304 Not Modified (1ms)


Started GET "/assets/jquery.js?body=1" for 127.0.0.1 at 2012-12-13 22:38:08 -0600
Served asset /jquery.js - 304 Not Modified (3ms)


Started GET "/assets/application.js?body=1" for 127.0.0.1 at 2012-12-13 22:38:08 -0600
Served asset /application.js - 304 Not Modified (3ms)


Started GET "/assets/jquery_ujs.js?body=1" for 127.0.0.1 at 2012-12-13 22:38:08 -0600
Served asset /jquery_ujs.js - 304 Not Modified (0ms)


Started GET "/assets/static_pages.js?body=1" for 127.0.0.1 at 2012-12-13 22:38:08 -0600
Served asset /static_pages.js - 304 Not Modified (0ms)


Started GET "/assets/users.js?body=1" for 127.0.0.1 at 2012-12-13 22:38:08 -0600
Served asset /users.js - 304 Not Modified (0ms)


Started GET "/assets/application.js?body=1" for 127.0.0.1 at 2012-12-13 22:38:08 -0600
Served asset /application.js - 304 Not Modified (15ms)
Connecting to database specified by database.yml
Connecting to database specified by database.yml
Connecting to database specified by database.yml
  [1m[36m (0.6ms)[0m  [1mSELECT "schema_migrations"."version" FROM "schema_migrations" [0m
Migrating to CreateUsers (20121214025911)
Migrating to AddIndexToUsersEmail (20121214031924)
Migrating to AddPasswordDigestToUsers (20121214032227)
Migrating to AddRememberTokenToUsers (20121215044104)
  [1m[35m (0.0ms)[0m  select sqlite_version(*)
  [1m[36m (0.0ms)[0m  [1mbegin transaction[0m
  [1m[35m (0.2ms)[0m  INSERT INTO "schema_migrations" ("version") VALUES ('20121215044104')
  [1m[36m (127.3ms)[0m  [1mcommit transaction[0m
  [1m[35m (0.1ms)[0m  SELECT "schema_migrations"."version" FROM "schema_migrations" 
Connecting to database specified by database.yml
  [1m[36m (0.6ms)[0m  [1mSELECT "schema_migrations"."version" FROM "schema_migrations" [0m
  [1m[35m (0.1ms)[0m  select sqlite_version(*)
  [1m[36m (119.9ms)[0m  [1mCREATE TABLE "users" ("id" INTEGER PRIMARY KEY AUTOINCREMENT NOT NULL, "name" varchar(255), "email" varchar(255), "created_at" datetime NOT NULL, "updated_at" datetime NOT NULL, "password_digest" varchar(255)) [0m
  [1m[35m (115.8ms)[0m  CREATE TABLE "schema_migrations" ("version" varchar(255) NOT NULL) 
  [1m[36m (99.6ms)[0m  [1mCREATE UNIQUE INDEX "unique_schema_migrations" ON "schema_migrations" ("version")[0m
  [1m[35m (0.1ms)[0m  SELECT version FROM "schema_migrations"
  [1m[36m (100.7ms)[0m  [1mINSERT INTO "schema_migrations" (version) VALUES ('20121215044104')[0m
  [1m[35m (124.5ms)[0m  INSERT INTO "schema_migrations" (version) VALUES ('20121214025911')
  [1m[36m (124.7ms)[0m  [1mINSERT INTO "schema_migrations" (version) VALUES ('20121214031924')[0m
  [1m[35m (124.5ms)[0m  INSERT INTO "schema_migrations" (version) VALUES ('20121214032227')
Connecting to database specified by database.yml
  [1m[36m (0.6ms)[0m  [1mSELECT "schema_migrations"."version" FROM "schema_migrations" [0m
Migrating to CreateUsers (20121214025911)
Migrating to AddIndexToUsersEmail (20121214031924)
Migrating to AddPasswordDigestToUsers (20121214032227)
Migrating to AddRememberTokenToUsers (20121215044104)
  [1m[35m (0.0ms)[0m  select sqlite_version(*)
  [1m[36m (0.0ms)[0m  [1mSELECT "schema_migrations"."version" FROM "schema_migrations" [0m
Connecting to database specified by database.yml
  [1m[36m (0.6ms)[0m  [1mSELECT "schema_migrations"."version" FROM "schema_migrations" [0m
  [1m[35m (0.1ms)[0m  select sqlite_version(*)
  [1m[36m (125.6ms)[0m  [1mCREATE TABLE "users" ("id" INTEGER PRIMARY KEY AUTOINCREMENT NOT NULL, "name" varchar(255), "email" varchar(255), "created_at" datetime NOT NULL, "updated_at" datetime NOT NULL, "password_digest" varchar(255)) [0m
  [1m[35m (115.9ms)[0m  CREATE TABLE "schema_migrations" ("version" varchar(255) NOT NULL) 
  [1m[36m (116.2ms)[0m  [1mCREATE UNIQUE INDEX "unique_schema_migrations" ON "schema_migrations" ("version")[0m
  [1m[35m (0.1ms)[0m  SELECT version FROM "schema_migrations"
  [1m[36m (107.3ms)[0m  [1mINSERT INTO "schema_migrations" (version) VALUES ('20121215044104')[0m
  [1m[35m (116.2ms)[0m  INSERT INTO "schema_migrations" (version) VALUES ('20121214025911')
  [1m[36m (134.5ms)[0m  [1mINSERT INTO "schema_migrations" (version) VALUES ('20121214031924')[0m
  [1m[35m (132.9ms)[0m  INSERT INTO "schema_migrations" (version) VALUES ('20121214032227')
Connecting to database specified by database.yml
Connecting to database specified by database.yml
  [1m[36m (0.6ms)[0m  [1mSELECT "schema_migrations"."version" FROM "schema_migrations" [0m
Migrating to CreateUsers (20121214025911)
Migrating to AddIndexToUsersEmail (20121214031924)
Migrating to AddPasswordDigestToUsers (20121214032227)
Migrating to AddRememberTokenToUsers (20121215045442)
  [1m[35m (0.0ms)[0m  select sqlite_version(*)
  [1m[36m (0.0ms)[0m  [1mbegin transaction[0m
  [1m[35m (0.2ms)[0m  ALTER TABLE "users" ADD "remember_token" varchar(255)
  [1m[36m (0.1ms)[0m  [1mCREATE INDEX "index_users_on_remember_token" ON "users" ("remember_token")[0m
  [1m[35m (0.0ms)[0m  INSERT INTO "schema_migrations" ("version") VALUES ('20121215045442')
  [1m[36m (130.9ms)[0m  [1mcommit transaction[0m
  [1m[35m (0.1ms)[0m  SELECT "schema_migrations"."version" FROM "schema_migrations" 
Connecting to database specified by database.yml
  [1m[36m (0.6ms)[0m  [1mSELECT "schema_migrations"."version" FROM "schema_migrations" [0m
  [1m[35m (0.1ms)[0m  select sqlite_version(*)
  [1m[36m (113.2ms)[0m  [1mCREATE TABLE "users" ("id" INTEGER PRIMARY KEY AUTOINCREMENT NOT NULL, "name" varchar(255), "email" varchar(255), "created_at" datetime NOT NULL, "updated_at" datetime NOT NULL, "password_digest" varchar(255), "remember_token" varchar(255)) [0m
  [1m[35m (115.9ms)[0m  CREATE INDEX "index_users_on_remember_token" ON "users" ("remember_token")
  [1m[36m (116.0ms)[0m  [1mCREATE TABLE "schema_migrations" ("version" varchar(255) NOT NULL) [0m
  [1m[35m (124.4ms)[0m  CREATE UNIQUE INDEX "unique_schema_migrations" ON "schema_migrations" ("version")
  [1m[36m (0.1ms)[0m  [1mSELECT version FROM "schema_migrations"[0m
  [1m[35m (115.6ms)[0m  INSERT INTO "schema_migrations" (version) VALUES ('20121215045442')
  [1m[36m (116.2ms)[0m  [1mINSERT INTO "schema_migrations" (version) VALUES ('20121214025911')[0m
  [1m[35m (99.7ms)[0m  INSERT INTO "schema_migrations" (version) VALUES ('20121214031924')
  [1m[36m (99.7ms)[0m  [1mINSERT INTO "schema_migrations" (version) VALUES ('20121214032227')[0m
Connecting to database specified by database.yml
  [1m[36m (0.6ms)[0m  [1mSELECT "schema_migrations"."version" FROM "schema_migrations" [0m
  [1m[35m (0.1ms)[0m  select sqlite_version(*)
  [1m[36m (135.6ms)[0m  [1mCREATE TABLE "users" ("id" INTEGER PRIMARY KEY AUTOINCREMENT NOT NULL, "name" varchar(255), "email" varchar(255), "created_at" datetime NOT NULL, "updated_at" datetime NOT NULL, "password_digest" varchar(255), "remember_token" varchar(255)) [0m
  [1m[35m (132.4ms)[0m  CREATE INDEX "index_users_on_remember_token" ON "users" ("remember_token")
  [1m[36m (132.9ms)[0m  [1mCREATE TABLE "schema_migrations" ("version" varchar(255) NOT NULL) [0m
  [1m[35m (132.7ms)[0m  CREATE UNIQUE INDEX "unique_schema_migrations" ON "schema_migrations" ("version")
  [1m[36m (0.1ms)[0m  [1mSELECT version FROM "schema_migrations"[0m
  [1m[35m (140.4ms)[0m  INSERT INTO "schema_migrations" (version) VALUES ('20121215045442')
  [1m[36m (132.9ms)[0m  [1mINSERT INTO "schema_migrations" (version) VALUES ('20121214025911')[0m
  [1m[35m (116.3ms)[0m  INSERT INTO "schema_migrations" (version) VALUES ('20121214031924')
  [1m[36m (141.1ms)[0m  [1mINSERT INTO "schema_migrations" (version) VALUES ('20121214032227')[0m


Started GET "/" for 127.0.0.1 at 2012-12-14 23:07:10 -0600
Connecting to database specified by database.yml
Processing by StaticPagesController#home as HTML
  Rendered static_pages/home.html.erb within layouts/application (11.6ms)
Compiled sessions.css  (36ms)  (pid 2832)
Compiled application.css  (39ms)  (pid 2832)
Compiled bootstrap-transition.js  (0ms)  (pid 2832)
Compiled bootstrap-affix.js  (0ms)  (pid 2832)
Compiled bootstrap-alert.js  (0ms)  (pid 2832)
Compiled bootstrap-button.js  (0ms)  (pid 2832)
Compiled bootstrap-carousel.js  (0ms)  (pid 2832)
Compiled bootstrap-collapse.js  (0ms)  (pid 2832)
Compiled bootstrap-dropdown.js  (0ms)  (pid 2832)
Compiled bootstrap-modal.js  (0ms)  (pid 2832)
Compiled bootstrap-scrollspy.js  (0ms)  (pid 2832)
Compiled bootstrap-tab.js  (0ms)  (pid 2832)
Compiled bootstrap-tooltip.js  (0ms)  (pid 2832)
Compiled bootstrap-popover.js  (0ms)  (pid 2832)
Compiled bootstrap-typeahead.js  (0ms)  (pid 2832)
Compiled bootstrap.js  (65ms)  (pid 2832)
Compiled sessions.js  (322ms)  (pid 2832)
Compiled application.js  (411ms)  (pid 2832)
  Rendered layouts/_shim.html.erb (0.2ms)
  [1m[36mUser Load (0.1ms)[0m  [1mSELECT "users".* FROM "users" WHERE "users"."remember_token" IS NULL LIMIT 1[0m
  Rendered layouts/_header.html.erb (44.5ms)
  Rendered layouts/_footer.html.erb (0.4ms)
Completed 200 OK in 650ms (Views: 648.8ms | ActiveRecord: 1.3ms)


Started GET "/assets/application.css?body=1" for 127.0.0.1 at 2012-12-14 23:07:11 -0600
Served asset /application.css - 200 OK (32ms)


Started GET "/assets/custom.css?body=1" for 127.0.0.1 at 2012-12-14 23:07:11 -0600
Served asset /custom.css - 200 OK (9ms)


Started GET "/assets/sessions.css?body=1" for 127.0.0.1 at 2012-12-14 23:07:11 -0600
Served asset /sessions.css - 200 OK (2ms)


Started GET "/assets/static_pages.css?body=1" for 127.0.0.1 at 2012-12-14 23:07:11 -0600
Served asset /static_pages.css - 200 OK (1ms)


Started GET "/assets/users.css?body=1" for 127.0.0.1 at 2012-12-14 23:07:11 -0600
Served asset /users.css - 200 OK (2ms)


Started GET "/assets/jquery_ujs.js?body=1" for 127.0.0.1 at 2012-12-14 23:07:11 -0600
Served asset /jquery_ujs.js - 200 OK (0ms)


Started GET "/assets/bootstrap-transition.js?body=1" for 127.0.0.1 at 2012-12-14 23:07:11 -0600
Served asset /bootstrap-transition.js - 200 OK (1ms)


Started GET "/assets/bootstrap-affix.js?body=1" for 127.0.0.1 at 2012-12-14 23:07:11 -0600
Served asset /bootstrap-affix.js - 200 OK (3ms)


Started GET "/assets/bootstrap-alert.js?body=1" for 127.0.0.1 at 2012-12-14 23:07:11 -0600
Served asset /bootstrap-alert.js - 200 OK (2ms)


Started GET "/assets/bootstrap-button.js?body=1" for 127.0.0.1 at 2012-12-14 23:07:11 -0600
Served asset /bootstrap-button.js - 200 OK (3ms)


Started GET "/assets/bootstrap-carousel.js?body=1" for 127.0.0.1 at 2012-12-14 23:07:11 -0600
Served asset /bootstrap-carousel.js - 200 OK (15ms)


Started GET "/assets/bootstrap-collapse.js?body=1" for 127.0.0.1 at 2012-12-14 23:07:11 -0600
Served asset /bootstrap-collapse.js - 200 OK (2ms)


Started GET "/assets/bootstrap-dropdown.js?body=1" for 127.0.0.1 at 2012-12-14 23:07:11 -0600
Served asset /bootstrap-dropdown.js - 200 OK (1ms)


Started GET "/assets/bootstrap-modal.js?body=1" for 127.0.0.1 at 2012-12-14 23:07:11 -0600
Served asset /bootstrap-modal.js - 200 OK (4ms)


Started GET "/assets/bootstrap-scrollspy.js?body=1" for 127.0.0.1 at 2012-12-14 23:07:11 -0600
Served asset /bootstrap-scrollspy.js - 200 OK (3ms)


Started GET "/assets/bootstrap-tab.js?body=1" for 127.0.0.1 at 2012-12-14 23:07:11 -0600
Served asset /bootstrap-tab.js - 200 OK (3ms)


Started GET "/assets/bootstrap-tooltip.js?body=1" for 127.0.0.1 at 2012-12-14 23:07:11 -0600
Served asset /bootstrap-tooltip.js - 200 OK (2ms)


Started GET "/assets/bootstrap-popover.js?body=1" for 127.0.0.1 at 2012-12-14 23:07:11 -0600
Served asset /bootstrap-popover.js - 200 OK (3ms)


Started GET "/assets/bootstrap-typeahead.js?body=1" for 127.0.0.1 at 2012-12-14 23:07:11 -0600
Served asset /bootstrap-typeahead.js - 200 OK (3ms)


Started GET "/assets/bootstrap.js?body=1" for 127.0.0.1 at 2012-12-14 23:07:11 -0600
Served asset /bootstrap.js - 200 OK (13ms)


Started GET "/assets/sessions.js?body=1" for 127.0.0.1 at 2012-12-14 23:07:11 -0600
Served asset /sessions.js - 200 OK (1ms)


Started GET "/assets/static_pages.js?body=1" for 127.0.0.1 at 2012-12-14 23:07:11 -0600
Served asset /static_pages.js - 200 OK (0ms)


Started GET "/assets/users.js?body=1" for 127.0.0.1 at 2012-12-14 23:07:11 -0600
Served asset /users.js - 200 OK (1ms)


Started GET "/assets/application.js?body=1" for 127.0.0.1 at 2012-12-14 23:07:11 -0600
Served asset /application.js - 200 OK (15ms)


Started GET "/assets/rails.png" for 127.0.0.1 at 2012-12-14 23:07:11 -0600
Served asset /rails.png - 200 OK (1ms)


Started GET "/assets/jquery.js?body=1" for 127.0.0.1 at 2012-12-14 23:07:11 -0600
Served asset /jquery.js - 200 OK (1ms)


Started GET "/signup" for 127.0.0.1 at 2012-12-14 23:07:12 -0600
Processing by UsersController#new as HTML
  Rendered shared/_error_messages.html.erb (0.6ms)
  Rendered users/new.html.erb within layouts/application (7.2ms)
  Rendered layouts/_shim.html.erb (0.0ms)
  [1m[35mUser Load (0.1ms)[0m  SELECT "users".* FROM "users" WHERE "users"."remember_token" IS NULL LIMIT 1
  Rendered layouts/_header.html.erb (1.2ms)
  Rendered layouts/_footer.html.erb (0.2ms)
Completed 200 OK in 33ms (Views: 32.1ms | ActiveRecord: 0.1ms)


Started GET "/assets/sessions.css?body=1" for 127.0.0.1 at 2012-12-14 23:07:12 -0600
Served asset /sessions.css - 200 OK (0ms)


Started GET "/assets/users.css?body=1" for 127.0.0.1 at 2012-12-14 23:07:12 -0600
Served asset /users.css - 200 OK (0ms)


Started GET "/assets/static_pages.css?body=1" for 127.0.0.1 at 2012-12-14 23:07:12 -0600
Served asset /static_pages.css - 200 OK (0ms)


Started POST "/users" for 127.0.0.1 at 2012-12-14 23:07:37 -0600
Processing by UsersController#create as HTML
  Parameters: {"utf8"=>"✓", "authenticity_token"=>"efAlDlW0JIe3y9+kT6a5Ry93kPz2WJW7Xcm1goJSKbI=", "user"=>{"name"=>"Jim Johnson", "email"=>"jimmyjohn@johnsonandjohnson.com", "password"=>"[FILTERED]", "password_confirmation"=>"[FILTERED]"}, "commit"=>"Create my account"}
  [1m[36m (0.1ms)[0m  [1mbegin transaction[0m
  [1m[35mUser Exists (0.1ms)[0m  SELECT 1 AS one FROM "users" WHERE LOWER("users"."email") = LOWER('jimmyjohn@johnsonandjohnson.com') LIMIT 1
Binary data inserted for `string` type on column `password_digest`
  [1m[36mSQL (0.8ms)[0m  [1mINSERT INTO "users" ("created_at", "email", "name", "password_digest", "remember_token", "updated_at") VALUES (?, ?, ?, ?, ?, ?)[0m  [["created_at", Sat, 15 Dec 2012 05:07:37 UTC +00:00], ["email", "jimmyjohn@johnsonandjohnson.com"], ["name", "Jim Johnson"], ["password_digest", "$2a$10$Q3Szvd3glw8FJC3IyjwYdeUZNHA44.HQmpTy.Tu3syXQiC/q5Xh7i"], ["remember_token", "UdCSbUGf_T7AWeb0etFG1Q"], ["updated_at", Sat, 15 Dec 2012 05:07:37 UTC +00:00]]
  [1m[35m (125.3ms)[0m  commit transaction
Redirected to http://localhost:3000/users/2
Completed 302 Found in 200ms (ActiveRecord: 126.3ms)


Started GET "/users/2" for 127.0.0.1 at 2012-12-14 23:07:37 -0600
Processing by UsersController#show as HTML
  Parameters: {"id"=>"2"}
  [1m[36mUser Load (0.1ms)[0m  [1mSELECT "users".* FROM "users" WHERE "users"."id" = ? LIMIT 1[0m  [["id", "2"]]
  Rendered users/show.html.erb within layouts/application (0.3ms)
  Rendered layouts/_shim.html.erb (0.0ms)
  [1m[35mUser Load (0.1ms)[0m  SELECT "users".* FROM "users" WHERE "users"."remember_token" IS NULL LIMIT 1
  Rendered layouts/_header.html.erb (1.2ms)
  Rendered layouts/_footer.html.erb (0.2ms)
Completed 200 OK in 12ms (Views: 10.8ms | ActiveRecord: 0.2ms)


Started GET "/assets/sessions.css?body=1" for 127.0.0.1 at 2012-12-14 23:07:37 -0600
Served asset /sessions.css - 200 OK (0ms)


Started GET "/assets/static_pages.css?body=1" for 127.0.0.1 at 2012-12-14 23:07:37 -0600
Served asset /static_pages.css - 200 OK (0ms)


Started GET "/assets/users.css?body=1" for 127.0.0.1 at 2012-12-14 23:07:37 -0600
Served asset /users.css - 200 OK (0ms)


Started GET "/" for 127.0.0.1 at 2012-12-14 23:07:49 -0600
Processing by StaticPagesController#home as HTML
  Rendered static_pages/home.html.erb within layouts/application (0.6ms)
  Rendered layouts/_shim.html.erb (0.0ms)
  [1m[36mUser Load (0.1ms)[0m  [1mSELECT "users".* FROM "users" WHERE "users"."remember_token" IS NULL LIMIT 1[0m
  Rendered layouts/_header.html.erb (0.9ms)
  Rendered layouts/_footer.html.erb (0.2ms)
Completed 200 OK in 13ms (Views: 12.9ms | ActiveRecord: 0.1ms)


Started GET "/assets/sessions.css?body=1" for 127.0.0.1 at 2012-12-14 23:07:49 -0600
Served asset /sessions.css - 200 OK (0ms)


Started GET "/assets/static_pages.css?body=1" for 127.0.0.1 at 2012-12-14 23:07:49 -0600
Served asset /static_pages.css - 200 OK (0ms)


Started GET "/assets/users.css?body=1" for 127.0.0.1 at 2012-12-14 23:07:49 -0600
Served asset /users.css - 200 OK (0ms)


Started GET "/signin" for 127.0.0.1 at 2012-12-14 23:07:56 -0600
Processing by SessionsController#new as HTML
  Rendered sessions/new.html.erb within layouts/application (2.5ms)
  Rendered layouts/_shim.html.erb (0.0ms)
  [1m[35mUser Load (0.1ms)[0m  SELECT "users".* FROM "users" WHERE "users"."remember_token" IS NULL LIMIT 1
  Rendered layouts/_header.html.erb (1.1ms)
  Rendered layouts/_footer.html.erb (0.2ms)
Completed 200 OK in 16ms (Views: 15.8ms | ActiveRecord: 0.1ms)


Started GET "/assets/sessions.css?body=1" for 127.0.0.1 at 2012-12-14 23:07:56 -0600
Served asset /sessions.css - 200 OK (0ms)


Started GET "/assets/static_pages.css?body=1" for 127.0.0.1 at 2012-12-14 23:07:56 -0600
Served asset /static_pages.css - 200 OK (0ms)


Started GET "/assets/users.css?body=1" for 127.0.0.1 at 2012-12-14 23:07:56 -0600
Served asset /users.css - 200 OK (0ms)


Started POST "/sessions" for 127.0.0.1 at 2012-12-14 23:08:35 -0600
Processing by SessionsController#create as HTML
  Parameters: {"utf8"=>"✓", "authenticity_token"=>"efAlDlW0JIe3y9+kT6a5Ry93kPz2WJW7Xcm1goJSKbI=", "session"=>{"email"=>"jimmyjohn@johnsonandjohnson.com", "password"=>"[FILTERED]"}, "commit"=>"Sign in"}
  [1m[36mUser Load (0.2ms)[0m  [1mSELECT "users".* FROM "users" WHERE "users"."email" = 'jimmyjohn@johnsonandjohnson.com' LIMIT 1[0m
Redirected to http://localhost:3000/users/2
Completed 302 Found in 52ms (ActiveRecord: 0.2ms)


Started GET "/users/2" for 127.0.0.1 at 2012-12-14 23:08:35 -0600
Processing by UsersController#show as HTML
  Parameters: {"id"=>"2"}
  [1m[35mUser Load (0.1ms)[0m  SELECT "users".* FROM "users" WHERE "users"."id" = ? LIMIT 1  [["id", "2"]]
  Rendered users/show.html.erb within layouts/application (0.1ms)
  Rendered layouts/_shim.html.erb (0.0ms)
  [1m[36mUser Load (0.1ms)[0m  [1mSELECT "users".* FROM "users" WHERE "users"."remember_token" = 'UdCSbUGf_T7AWeb0etFG1Q' LIMIT 1[0m
  Rendered layouts/_header.html.erb (1.3ms)
  Rendered layouts/_footer.html.erb (0.2ms)
Completed 200 OK in 25ms (Views: 24.7ms | ActiveRecord: 0.2ms)


Started GET "/assets/sessions.css?body=1" for 127.0.0.1 at 2012-12-14 23:08:35 -0600
Served asset /sessions.css - 200 OK (0ms)


Started GET "/assets/static_pages.css?body=1" for 127.0.0.1 at 2012-12-14 23:08:35 -0600
Served asset /static_pages.css - 200 OK (0ms)


Started GET "/assets/users.css?body=1" for 127.0.0.1 at 2012-12-14 23:08:35 -0600
Served asset /users.css - 200 OK (0ms)


Started GET "/" for 127.0.0.1 at 2012-12-14 23:08:46 -0600
Processing by StaticPagesController#home as HTML
  Rendered static_pages/home.html.erb within layouts/application (0.3ms)
  Rendered layouts/_shim.html.erb (0.0ms)
  [1m[35mUser Load (0.1ms)[0m  SELECT "users".* FROM "users" WHERE "users"."remember_token" = 'UdCSbUGf_T7AWeb0etFG1Q' LIMIT 1
  Rendered layouts/_header.html.erb (1.0ms)
  Rendered layouts/_footer.html.erb (0.2ms)
Completed 200 OK in 13ms (Views: 13.0ms | ActiveRecord: 0.1ms)


Started GET "/assets/sessions.css?body=1" for 127.0.0.1 at 2012-12-14 23:08:46 -0600
Served asset /sessions.css - 200 OK (0ms)


Started GET "/assets/static_pages.css?body=1" for 127.0.0.1 at 2012-12-14 23:08:46 -0600
Served asset /static_pages.css - 200 OK (0ms)


Started GET "/assets/users.css?body=1" for 127.0.0.1 at 2012-12-14 23:08:46 -0600
Served asset /users.css - 200 OK (0ms)


Started GET "/" for 127.0.0.1 at 2012-12-14 23:08:51 -0600
Processing by StaticPagesController#home as HTML
  Rendered static_pages/home.html.erb within layouts/application (0.5ms)
  Rendered layouts/_shim.html.erb (0.0ms)
  [1m[36mUser Load (0.1ms)[0m  [1mSELECT "users".* FROM "users" WHERE "users"."remember_token" = 'UdCSbUGf_T7AWeb0etFG1Q' LIMIT 1[0m
  Rendered layouts/_header.html.erb (0.9ms)
  Rendered layouts/_footer.html.erb (0.2ms)
Completed 200 OK in 32ms (Views: 31.8ms | ActiveRecord: 0.1ms)


Started GET "/assets/sessions.css?body=1" for 127.0.0.1 at 2012-12-14 23:08:51 -0600
Served asset /sessions.css - 200 OK (0ms)


Started GET "/assets/static_pages.css?body=1" for 127.0.0.1 at 2012-12-14 23:08:51 -0600
Served asset /static_pages.css - 200 OK (0ms)


Started GET "/assets/users.css?body=1" for 127.0.0.1 at 2012-12-14 23:08:51 -0600
Served asset /users.css - 200 OK (0ms)


Started GET "/users" for 127.0.0.1 at 2012-12-14 23:09:00 -0600

AbstractController::ActionNotFound (The action 'index' could not be found for UsersController):
  actionpack (3.2.9) lib/abstract_controller/base.rb:116:in `process'
  actionpack (3.2.9) lib/abstract_controller/rendering.rb:45:in `process'
  actionpack (3.2.9) lib/action_controller/metal.rb:203:in `dispatch'
  actionpack (3.2.9) lib/action_controller/metal/rack_delegation.rb:14:in `dispatch'
  actionpack (3.2.9) lib/action_controller/metal.rb:246:in `block in action'
  actionpack (3.2.9) lib/action_dispatch/routing/route_set.rb:73:in `call'
  actionpack (3.2.9) lib/action_dispatch/routing/route_set.rb:73:in `dispatch'
  actionpack (3.2.9) lib/action_dispatch/routing/route_set.rb:36:in `call'
  journey (1.0.4) lib/journey/router.rb:68:in `block in call'
  journey (1.0.4) lib/journey/router.rb:56:in `each'
  journey (1.0.4) lib/journey/router.rb:56:in `call'
  actionpack (3.2.9) lib/action_dispatch/routing/route_set.rb:601:in `call'
  actionpack (3.2.9) lib/action_dispatch/middleware/best_standards_support.rb:17:in `call'
  rack (1.4.1) lib/rack/etag.rb:23:in `call'
  rack (1.4.1) lib/rack/conditionalget.rb:25:in `call'
  actionpack (3.2.9) lib/action_dispatch/middleware/head.rb:14:in `call'
  actionpack (3.2.9) lib/action_dispatch/middleware/params_parser.rb:21:in `call'
  actionpack (3.2.9) lib/action_dispatch/middleware/flash.rb:242:in `call'
  rack (1.4.1) lib/rack/session/abstract/id.rb:205:in `context'
  rack (1.4.1) lib/rack/session/abstract/id.rb:200:in `call'
  actionpack (3.2.9) lib/action_dispatch/middleware/cookies.rb:341:in `call'
  activerecord (3.2.9) lib/active_record/query_cache.rb:64:in `call'
  activerecord (3.2.9) lib/active_record/connection_adapters/abstract/connection_pool.rb:479:in `call'
  actionpack (3.2.9) lib/action_dispatch/middleware/callbacks.rb:28:in `block in call'
  activesupport (3.2.9) lib/active_support/callbacks.rb:405:in `_run__1180249816968082248__call__422137132901886799__callbacks'
  activesupport (3.2.9) lib/active_support/callbacks.rb:405:in `__run_callback'
  activesupport (3.2.9) lib/active_support/callbacks.rb:385:in `_run_call_callbacks'
  activesupport (3.2.9) lib/active_support/callbacks.rb:81:in `run_callbacks'
  actionpack (3.2.9) lib/action_dispatch/middleware/callbacks.rb:27:in `call'
  actionpack (3.2.9) lib/action_dispatch/middleware/reloader.rb:65:in `call'
  actionpack (3.2.9) lib/action_dispatch/middleware/remote_ip.rb:31:in `call'
  actionpack (3.2.9) lib/action_dispatch/middleware/debug_exceptions.rb:16:in `call'
  actionpack (3.2.9) lib/action_dispatch/middleware/show_exceptions.rb:56:in `call'
  railties (3.2.9) lib/rails/rack/logger.rb:32:in `call_app'
  railties (3.2.9) lib/rails/rack/logger.rb:16:in `block in call'
  activesupport (3.2.9) lib/active_support/tagged_logging.rb:22:in `tagged'
  railties (3.2.9) lib/rails/rack/logger.rb:16:in `call'
  actionpack (3.2.9) lib/action_dispatch/middleware/request_id.rb:22:in `call'
  rack (1.4.1) lib/rack/methodoverride.rb:21:in `call'
  rack (1.4.1) lib/rack/runtime.rb:17:in `call'
  activesupport (3.2.9) lib/active_support/cache/strategy/local_cache.rb:72:in `call'
  rack (1.4.1) lib/rack/lock.rb:15:in `call'
  actionpack (3.2.9) lib/action_dispatch/middleware/static.rb:62:in `call'
  railties (3.2.9) lib/rails/engine.rb:479:in `call'
  railties (3.2.9) lib/rails/application.rb:223:in `call'
  rack (1.4.1) lib/rack/content_length.rb:14:in `call'
  railties (3.2.9) lib/rails/rack/log_tailer.rb:17:in `call'
  rack (1.4.1) lib/rack/handler/webrick.rb:59:in `service'
  /usr/share/ruby/webrick/httpserver.rb:138:in `service'
  /usr/share/ruby/webrick/httpserver.rb:94:in `run'
  /usr/share/ruby/webrick/server.rb:191:in `block in start_thread'


  Rendered /home/main/.gem/ruby/1.9.1/gems/actionpack-3.2.9/lib/action_dispatch/middleware/templates/rescues/unknown_action.erb within rescues/layout (0.3ms)


Started GET "/users/2" for 127.0.0.1 at 2012-12-14 23:09:10 -0600
Processing by UsersController#show as HTML
  Parameters: {"id"=>"2"}
  [1m[35mUser Load (0.1ms)[0m  SELECT "users".* FROM "users" WHERE "users"."id" = ? LIMIT 1  [["id", "2"]]
  Rendered users/show.html.erb within layouts/application (0.3ms)
  Rendered layouts/_shim.html.erb (0.0ms)
  [1m[36mUser Load (0.1ms)[0m  [1mSELECT "users".* FROM "users" WHERE "users"."remember_token" = 'UdCSbUGf_T7AWeb0etFG1Q' LIMIT 1[0m
  Rendered layouts/_header.html.erb (1.1ms)
  Rendered layouts/_footer.html.erb (0.2ms)
Completed 200 OK in 18ms (Views: 16.6ms | ActiveRecord: 0.2ms)


Started GET "/assets/sessions.css?body=1" for 127.0.0.1 at 2012-12-14 23:09:10 -0600
Served asset /sessions.css - 200 OK (0ms)


Started GET "/assets/static_pages.css?body=1" for 127.0.0.1 at 2012-12-14 23:09:10 -0600
Served asset /static_pages.css - 200 OK (0ms)


Started GET "/assets/users.css?body=1" for 127.0.0.1 at 2012-12-14 23:09:10 -0600
Served asset /users.css - 200 OK (0ms)
